configure.in:13: warning: AM_INIT_AUTOMAKE: two- and three-arguments forms are deprecated.
./lib/autoconf/general.m4:2434: AC_DIAGNOSE is expanded from...
aclocal.m4:429: AM_INIT_AUTOMAKE is expanded from...
configure.in:13: the top level
configure.in:17: warning: The macro `AC_LANG_CPLUSPLUS' is obsolete.
configure.in:17: You should run autoupdate.
./lib/autoconf/c.m4:262: AC_LANG_CPLUSPLUS is expanded from...
configure.in:17: the top level
configure.in:45: warning: The macro `AC_TRY_COMPILE' is obsolete.
configure.in:45: You should run autoupdate.
./lib/autoconf/general.m4:2847: AC_TRY_COMPILE is expanded from...
configure.in:45: the top level
configure.in:57: warning: The macro `AC_HELP_STRING' is obsolete.
configure.in:57: You should run autoupdate.
./lib/autoconf/general.m4:204: AC_HELP_STRING is expanded from...
./lib/autoconf/general.m4:1534: AC_ARG_ENABLE is expanded from...
configure.in:57: the top level
configure.in:93: warning: The macro `AC_TRY_COMPILE' is obsolete.
configure.in:93: You should run autoupdate.
./lib/autoconf/general.m4:2847: AC_TRY_COMPILE is expanded from...
lib/m4sugar/m4sh.m4:692: _AS_IF_ELSE is expanded from...
lib/m4sugar/m4sh.m4:699: AS_IF is expanded from...
./lib/autoconf/general.m4:2249: AC_CACHE_VAL is expanded from...
./lib/autoconf/general.m4:2270: AC_CACHE_CHECK is expanded from...
configure.in:93: the top level
configure.in:109: warning: The macro `AC_TRY_COMPILE' is obsolete.
configure.in:109: You should run autoupdate.
./lib/autoconf/general.m4:2847: AC_TRY_COMPILE is expanded from...
configure.in:109: the top level
configure.in:122: warning: The macro `AC_TRY_COMPILE' is obsolete.
configure.in:122: You should run autoupdate.
./lib/autoconf/general.m4:2847: AC_TRY_COMPILE is expanded from...
configure.in:122: the top level
configure.in:137: warning: AC_OUTPUT should be used without arguments.
configure.in:137: You should run autoupdate.
