configure.in:43: warning: The macro `AC_HELP_STRING' is obsolete.
configure.in:43: You should run autoupdate.
./lib/autoconf/general.m4:204: AC_HELP_STRING is expanded from...
./lib/autoconf/general.m4:1534: AC_ARG_ENABLE is expanded from...
configure.in:43: the top level
configure.in:56: warning: The macro `AC_HELP_STRING' is obsolete.
configure.in:56: You should run autoupdate.
./lib/autoconf/general.m4:204: AC_HELP_STRING is expanded from...
./lib/autoconf/general.m4:1534: AC_ARG_ENABLE is expanded from...
configure.in:56: the top level
configure.in:63: warning: The macro `AC_HELP_STRING' is obsolete.
configure.in:63: You should run autoupdate.
./lib/autoconf/general.m4:204: AC_HELP_STRING is expanded from...
./lib/autoconf/general.m4:1534: AC_ARG_ENABLE is expanded from...
configure.in:63: the top level
configure.in:99: warning: The macro `AC_TRY_COMPILE' is obsolete.
configure.in:99: You should run autoupdate.
./lib/autoconf/general.m4:2847: AC_TRY_COMPILE is expanded from...
configure.in:99: the top level
configure.in:110: warning: The macro `AC_TRY_COMPILE' is obsolete.
configure.in:110: You should run autoupdate.
./lib/autoconf/general.m4:2847: AC_TRY_COMPILE is expanded from...
configure.in:110: the top level
configure.in:120: warning: AC_LANG_CONFTEST: no AC_LANG_SOURCE call detected in body
./lib/autoconf/lang.m4:199: AC_LANG_CONFTEST is expanded from...
./lib/autoconf/general.m4:2823: _AC_COMPILE_IFELSE is expanded from...
./lib/autoconf/general.m4:2839: AC_COMPILE_IFELSE is expanded from...
lib/m4sugar/m4sh.m4:699: AS_IF is expanded from...
configure.in:120: the top level
configure.in:120: warning: AC_LANG_CONFTEST: no AC_LANG_SOURCE call detected in body
./lib/autoconf/lang.m4:199: AC_LANG_CONFTEST is expanded from...
./lib/autoconf/general.m4:2823: _AC_COMPILE_IFELSE is expanded from...
./lib/autoconf/general.m4:2839: AC_COMPILE_IFELSE is expanded from...
lib/m4sugar/m4sh.m4:692: _AS_IF_ELSE is expanded from...
lib/m4sugar/m4sh.m4:699: AS_IF is expanded from...
./lib/autoconf/general.m4:2823: _AC_COMPILE_IFELSE is expanded from...
./lib/autoconf/general.m4:2839: AC_COMPILE_IFELSE is expanded from...
lib/m4sugar/m4sh.m4:699: AS_IF is expanded from...
configure.in:120: the top level
configure.in:137: warning: The macro `AC_HELP_STRING' is obsolete.
configure.in:137: You should run autoupdate.
./lib/autoconf/general.m4:204: AC_HELP_STRING is expanded from...
./lib/autoconf/general.m4:1534: AC_ARG_ENABLE is expanded from...
configure.in:137: the top level
configure.in:167: warning: AC_LANG_CONFTEST: no AC_LANG_SOURCE call detected in body
./lib/autoconf/lang.m4:199: AC_LANG_CONFTEST is expanded from...
./lib/autoconf/general.m4:2823: _AC_COMPILE_IFELSE is expanded from...
./lib/autoconf/general.m4:2839: AC_COMPILE_IFELSE is expanded from...
lib/m4sugar/m4sh.m4:692: _AS_IF_ELSE is expanded from...
lib/m4sugar/m4sh.m4:699: AS_IF is expanded from...
./lib/autoconf/general.m4:2249: AC_CACHE_VAL is expanded from...
./lib/autoconf/general.m4:2270: AC_CACHE_CHECK is expanded from...
configure.in:167: the top level
configure.in:175: warning: AC_LANG_CONFTEST: no AC_LANG_SOURCE call detected in body
./lib/autoconf/lang.m4:199: AC_LANG_CONFTEST is expanded from...
./lib/autoconf/general.m4:2823: _AC_COMPILE_IFELSE is expanded from...
./lib/autoconf/general.m4:2839: AC_COMPILE_IFELSE is expanded from...
lib/m4sugar/m4sh.m4:692: _AS_IF_ELSE is expanded from...
lib/m4sugar/m4sh.m4:699: AS_IF is expanded from...
./lib/autoconf/general.m4:2249: AC_CACHE_VAL is expanded from...
./lib/autoconf/general.m4:2270: AC_CACHE_CHECK is expanded from...
configure.in:175: the top level
configure.in:183: warning: The macro `AC_TRY_COMPILE' is obsolete.
configure.in:183: You should run autoupdate.
./lib/autoconf/general.m4:2847: AC_TRY_COMPILE is expanded from...
lib/m4sugar/m4sh.m4:692: _AS_IF_ELSE is expanded from...
lib/m4sugar/m4sh.m4:699: AS_IF is expanded from...
./lib/autoconf/general.m4:2249: AC_CACHE_VAL is expanded from...
./lib/autoconf/general.m4:2270: AC_CACHE_CHECK is expanded from...
configure.in:183: the top level
